#-----------------------------------------------------------
# Webtalk v2019.1 (64-bit)
# SW Build 2552052 on Fri May 24 14:47:09 MDT 2019
# 
# Start of session at: Thu Nov  4 18:38:42 2021
# Process ID: 624
# Current directory: /home/gderiu/project_3/project_3.sdk/webtalk
# Command line: wbtcv -mode batch -source sdk_webtalk.tcl
# Log file: /home/gderiu/project_3/project_3.sdk/webtalk/webtalk.log
# Journal file: /home/gderiu/project_3/project_3.sdk/webtalk/webtalk.jou
#-----------------------------------------------------------
source sdk_webtalk.tcl
# webtalk_init -webtalk_dir /home/gderiu/project_3/project_3.sdk/webtalk
# webtalk_register_client -client project
# webtalk_add_data -client project -key date_generated -value "2021-11-04 18:38:41" -context "software_version_and_target_device"
# webtalk_add_data -client project -key product_version -value "SDK v2019.1" -context "software_version_and_target_device"
# webtalk_add_data -client project -key build_version -value "2019.1" -context "software_version_and_target_device"
# webtalk_add_data -client project -key os_platform -value "amd64" -context "software_version_and_target_device"
# webtalk_add_data -client project -key registration_id -value "" -context "software_version_and_target_device"
# webtalk_add_data -client project -key tool_flow -value "SDK" -context "software_version_and_target_device"
# webtalk_add_data -client project -key beta -value "false" -context "software_version_and_target_device"
# webtalk_add_data -client project -key route_design -value "NA" -context "software_version_and_target_device"
# webtalk_add_data -client project -key target_family -value "NA" -context "software_version_and_target_device"
# webtalk_add_data -client project -key target_device -value "NA" -context "software_version_and_target_device"
# webtalk_add_data -client project -key target_package -value "NA" -context "software_version_and_target_device"
# webtalk_add_data -client project -key target_speed -value "NA" -context "software_version_and_target_device"
# webtalk_add_data -client project -key random_id -value "4955dt0riktrij7ockfo76eq9r" -context "software_version_and_target_device"
# webtalk_add_data -client project -key project_id -value "2019.1_32" -context "software_version_and_target_device"
# webtalk_add_data -client project -key project_iteration -value "32" -context "software_version_and_target_device"
# webtalk_add_data -client project -key os_name -value "Ubuntu" -context "user_environment"
# webtalk_add_data -client project -key os_release -value "Ubuntu 16.04.6 LTS" -context "user_environment"
# webtalk_add_data -client project -key cpu_name -value "Intel(R) Core(TM) i7-8550U CPU @ 1.80GHz" -context "user_environment"
# webtalk_add_data -client project -key cpu_speed -value "2609.131 MHz" -context "user_environment"
# webtalk_add_data -client project -key total_processors -value "1" -context "user_environment"
# webtalk_add_data -client project -key system_ram -value "16.673 GB" -context "user_environment"
# webtalk_add_data -client project -key date_generated -value "2021-11-04 18:38:21" -context "software_version_and_target_device"
# webtalk_add_data -client project -key product_version -value "SDK v2019.1" -context "software_version_and_target_device"
# webtalk_add_data -client project -key build_version -value "2019.1" -context "software_version_and_target_device"
# webtalk_add_data -client project -key os_platform -value "amd64" -context "software_version_and_target_device"
# webtalk_add_data -client project -key registration_id -value "" -context "software_version_and_target_device"
# webtalk_add_data -client project -key tool_flow -value "SDK" -context "software_version_and_target_device"
# webtalk_add_data -client project -key beta -value "false" -context "software_version_and_target_device"
# webtalk_add_data -client project -key route_design -value "NA" -context "software_version_and_target_device"
# webtalk_add_data -client project -key target_family -value "NA" -context "software_version_and_target_device"
# webtalk_add_data -client project -key target_device -value "NA" -context "software_version_and_target_device"
# webtalk_add_data -client project -key target_package -value "NA" -context "software_version_and_target_device"
# webtalk_add_data -client project -key target_speed -value "NA" -context "software_version_and_target_device"
# webtalk_add_data -client project -key random_id -value "n88oruk56ob3t4inuo8lmeevv7" -context "software_version_and_target_device"
# webtalk_add_data -client project -key project_id -value "2019.1_31" -context "software_version_and_target_device"
# webtalk_add_data -client project -key project_iteration -value "31" -context "software_version_and_target_device"
# webtalk_add_data -client project -key os_name -value "Ubuntu" -context "user_environment"
# webtalk_add_data -client project -key os_release -value "Ubuntu 16.04.6 LTS" -context "user_environment"
# webtalk_add_data -client project -key cpu_name -value "Intel(R) Core(TM) i7-8550U CPU @ 1.80GHz" -context "user_environment"
# webtalk_add_data -client project -key cpu_speed -value "2609.406 MHz" -context "user_environment"
# webtalk_add_data -client project -key total_processors -value "1" -context "user_environment"
# webtalk_add_data -client project -key system_ram -value "16.673 GB" -context "user_environment"
# webtalk_register_client -client sdk
# webtalk_add_data -client sdk -key uid -value "1636030725000" -context "sdk\\\\hardware/1636030725000"
# webtalk_add_data -client sdk -key isZynq -value "true" -context "sdk\\\\hardware/1636030725000"
# webtalk_add_data -client sdk -key isZynqMP -value "false" -context "sdk\\\\hardware/1636030725000"
# webtalk_add_data -client sdk -key Processors -value "2" -context "sdk\\\\hardware/1636030725000"
# webtalk_add_data -client sdk -key VivadoVersion -value "2019.1" -context "sdk\\\\hardware/1636030725000"
# webtalk_add_data -client sdk -key Arch -value "zynq" -context "sdk\\\\hardware/1636030725000"
# webtalk_add_data -client sdk -key Device -value "7z010" -context "sdk\\\\hardware/1636030725000"
# webtalk_add_data -client sdk -key IsHandoff -value "true" -context "sdk\\\\hardware/1636030725000"
# webtalk_add_data -client sdk -key os -value "NA" -context "sdk\\\\hardware/1636030725000"
# webtalk_add_data -client sdk -key apptemplate -value "NA" -context "sdk\\\\hardware/1636030725000"
# webtalk_add_data -client sdk -key RecordType -value "HWCreation" -context "sdk\\\\hardware/1636030725000"
# webtalk_add_data -client sdk -key uid -value "1636033307000" -context "sdk\\\\bsp/1636033307000"
# webtalk_add_data -client sdk -key hwid -value "1636030725000" -context "sdk\\\\bsp/1636033307000"
# webtalk_add_data -client sdk -key os -value "standalone" -context "sdk\\\\bsp/1636033307000"
# webtalk_add_data -client sdk -key apptemplate -value "hello_world" -context "sdk\\\\bsp/1636033307000"
# webtalk_add_data -client sdk -key RecordType -value "BSPCreation" -context "sdk\\\\bsp/1636033307000"
# webtalk_add_data -client sdk -key uid -value "1636033308000" -context "sdk\\\\application/1636033308000"
# webtalk_add_data -client sdk -key hwid -value "1636030725000" -context "sdk\\\\application/1636033308000"
# webtalk_add_data -client sdk -key bspid -value "1636033307000" -context "sdk\\\\application/1636033308000"
# webtalk_add_data -client sdk -key newbsp -value "true" -context "sdk\\\\application/1636033308000"
# webtalk_add_data -client sdk -key os -value "standalone" -context "sdk\\\\application/1636033308000"
# webtalk_add_data -client sdk -key apptemplate -value "hello_world" -context "sdk\\\\application/1636033308000"
# webtalk_add_data -client sdk -key RecordType -value "APPCreation" -context "sdk\\\\application/1636033308000"
# webtalk_add_data -client sdk -key LangUsed -value "C" -context "sdk\\\\application/1636033308000"
# webtalk_add_data -client sdk -key Procused -value "ps7_cortexa9" -context "sdk\\\\application/1636033308000"
# webtalk_add_data -client sdk -key projSize -value "342.6796875" -context "sdk\\\\application/1636033308000"
# webtalk_add_data -client sdk -key projSize -value "342.6875" -context "sdk\\\\application/1636033308000"
# webtalk_add_data -client sdk -key uid -value "NA" -context "sdk\\\\bsp/1636047501748"
# webtalk_add_data -client sdk -key RecordType -value "ToolUsage" -context "sdk\\\\bsp/1636047501748"
# webtalk_add_data -client sdk -key BootgenCount -value "0" -context "sdk\\\\bsp/1636047501748"
# webtalk_add_data -client sdk -key DebugCount -value "0" -context "sdk\\\\bsp/1636047501748"
# webtalk_add_data -client sdk -key PerfCount -value "0" -context "sdk\\\\bsp/1636047501748"
# webtalk_add_data -client sdk -key FlashCount -value "0" -context "sdk\\\\bsp/1636047501748"
# webtalk_add_data -client sdk -key CrossTriggCount -value "0" -context "sdk\\\\bsp/1636047501748"
# webtalk_add_data -client sdk -key QemuDebugCount -value "0" -context "sdk\\\\bsp/1636047501748"
# webtalk_add_data -client sdk -key uid -value "NA" -context "sdk\\\\bsp/1636047521287"
# webtalk_add_data -client sdk -key RecordType -value "ToolUsage" -context "sdk\\\\bsp/1636047521287"
# webtalk_add_data -client sdk -key BootgenCount -value "0" -context "sdk\\\\bsp/1636047521287"
# webtalk_add_data -client sdk -key DebugCount -value "0" -context "sdk\\\\bsp/1636047521287"
# webtalk_add_data -client sdk -key PerfCount -value "0" -context "sdk\\\\bsp/1636047521287"
# webtalk_add_data -client sdk -key FlashCount -value "0" -context "sdk\\\\bsp/1636047521287"
# webtalk_add_data -client sdk -key CrossTriggCount -value "0" -context "sdk\\\\bsp/1636047521287"
# webtalk_add_data -client sdk -key QemuDebugCount -value "0" -context "sdk\\\\bsp/1636047521287"
# webtalk_transmit -clientid 1979053420 -regid "" -xml /home/gderiu/project_3/project_3.sdk/webtalk/usage_statistics_ext_sdk.xml -html /home/gderiu/project_3/project_3.sdk/webtalk/usage_statistics_ext_sdk.html -wdm /home/gderiu/project_3/project_3.sdk/webtalk/sdk_webtalk.wdm -intro "<H3>SDK Usage Report</H3><BR>"
INFO: [Common 17-186] '/home/gderiu/project_3/project_3.sdk/webtalk/usage_statistics_ext_sdk.xml' has been successfully sent to Xilinx on Thu Nov  4 18:38:46 2021. For additional details about this file, please refer to the WebTalk help file at /opt/Xilinx/SDK/2019.1/doc/webtalk_introduction.html.
# webtalk_terminate
INFO: [Common 17-206] Exiting Webtalk at Thu Nov  4 18:38:46 2021...
