#-----------------------------------------------------------
# Webtalk v2019.1 (64-bit)
# SW Build 2552052 on Fri May 24 14:49:42 MDT 2019
# 
# Start of session at: Thu Dec  8 12:00:19 2022
# Process ID: 19208
# Current directory: C:/Users/User/Desktop/ingegneria/5secondoannomagistrale/1_Advance_embedded_system/lab_uart/image_uart_Z7/image_uart_Z7.sdk/webtalk
# Command line: wbtcv.exe -mode batch -source sdk_webtalk.tcl
# Log file: C:/Users/User/Desktop/ingegneria/5secondoannomagistrale/1_Advance_embedded_system/lab_uart/image_uart_Z7/image_uart_Z7.sdk/webtalk/webtalk.log
# Journal file: C:/Users/User/Desktop/ingegneria/5secondoannomagistrale/1_Advance_embedded_system/lab_uart/image_uart_Z7/image_uart_Z7.sdk/webtalk\webtalk.jou
#-----------------------------------------------------------
source sdk_webtalk.tcl
# webtalk_init -webtalk_dir C:\\Users\\User\\Desktop\\ingegneria\\5secondoannomagistrale\\1_Advance_embedded_system\\lab_uart\\image_uart_Z7\\image_uart_Z7.sdk\\webtalk
# webtalk_register_client -client project
# webtalk_add_data -client project -key date_generated -value "2022-12-08 12:00:17" -context "software_version_and_target_device"
# webtalk_add_data -client project -key product_version -value "SDK v2019.1" -context "software_version_and_target_device"
# webtalk_add_data -client project -key build_version -value "2019.1" -context "software_version_and_target_device"
# webtalk_add_data -client project -key os_platform -value "amd64" -context "software_version_and_target_device"
# webtalk_add_data -client project -key registration_id -value "" -context "software_version_and_target_device"
# webtalk_add_data -client project -key tool_flow -value "SDK" -context "software_version_and_target_device"
# webtalk_add_data -client project -key beta -value "false" -context "software_version_and_target_device"
# webtalk_add_data -client project -key route_design -value "NA" -context "software_version_and_target_device"
# webtalk_add_data -client project -key target_family -value "NA" -context "software_version_and_target_device"
# webtalk_add_data -client project -key target_device -value "NA" -context "software_version_and_target_device"
# webtalk_add_data -client project -key target_package -value "NA" -context "software_version_and_target_device"
# webtalk_add_data -client project -key target_speed -value "NA" -context "software_version_and_target_device"
# webtalk_add_data -client project -key random_id -value "23ggdcg5fsif4p9ausl7gobhm7" -context "software_version_and_target_device"
# webtalk_add_data -client project -key project_id -value "2019.1_23" -context "software_version_and_target_device"
# webtalk_add_data -client project -key project_iteration -value "23" -context "software_version_and_target_device"
# webtalk_add_data -client project -key os_name -value "Microsoft Windows 8 or later , 64-bit" -context "user_environment"
# webtalk_add_data -client project -key os_release -value "major release  (build 9200)" -context "user_environment"
# webtalk_add_data -client project -key cpu_name -value "Intel(R) Core(TM) i7-8750H CPU @ 2.20GHz" -context "user_environment"
# webtalk_add_data -client project -key cpu_speed -value "2208 MHz" -context "user_environment"
# webtalk_add_data -client project -key total_processors -value "1" -context "user_environment"
# webtalk_add_data -client project -key system_ram -value "17.024 GB" -context "user_environment"
# webtalk_register_client -client sdk
# webtalk_add_data -client sdk -key uid -value "1670493195487" -context "sdk\\\\bsp/1670493195487"
# webtalk_add_data -client sdk -key hwid -value "1636393994000" -context "sdk\\\\bsp/1670493195487"
# webtalk_add_data -client sdk -key os -value "standalone" -context "sdk\\\\bsp/1670493195487"
# webtalk_add_data -client sdk -key apptemplate -value "hello_world" -context "sdk\\\\bsp/1670493195487"
# webtalk_add_data -client sdk -key RecordType -value "BSPCreation" -context "sdk\\\\bsp/1670493195487"
# webtalk_add_data -client sdk -key uid -value "1670493198526" -context "sdk\\\\application/1670493198526"
# webtalk_add_data -client sdk -key hwid -value "1636393994000" -context "sdk\\\\application/1670493198526"
# webtalk_add_data -client sdk -key bspid -value "1670493195487" -context "sdk\\\\application/1670493198526"
# webtalk_add_data -client sdk -key newbsp -value "true" -context "sdk\\\\application/1670493198526"
# webtalk_add_data -client sdk -key os -value "standalone" -context "sdk\\\\application/1670493198526"
# webtalk_add_data -client sdk -key apptemplate -value "hello_world" -context "sdk\\\\application/1670493198526"
# webtalk_add_data -client sdk -key RecordType -value "APPCreation" -context "sdk\\\\application/1670493198526"
# webtalk_add_data -client sdk -key LangUsed -value "C" -context "sdk\\\\application/1670493198526"
# webtalk_add_data -client sdk -key Procused -value "ps7_cortexa9" -context "sdk\\\\application/1670493198526"
# webtalk_add_data -client sdk -key projSize -value "274.98828125" -context "sdk\\\\application/1670493198526"
# webtalk_add_data -client sdk -key uid -value "NA" -context "sdk\\\\bsp/1670497217562"
# webtalk_add_data -client sdk -key RecordType -value "ToolUsage" -context "sdk\\\\bsp/1670497217562"
# webtalk_add_data -client sdk -key BootgenCount -value "0" -context "sdk\\\\bsp/1670497217562"
# webtalk_add_data -client sdk -key DebugCount -value "0" -context "sdk\\\\bsp/1670497217562"
# webtalk_add_data -client sdk -key PerfCount -value "0" -context "sdk\\\\bsp/1670497217562"
# webtalk_add_data -client sdk -key FlashCount -value "0" -context "sdk\\\\bsp/1670497217562"
# webtalk_add_data -client sdk -key CrossTriggCount -value "0" -context "sdk\\\\bsp/1670497217562"
# webtalk_add_data -client sdk -key QemuDebugCount -value "0" -context "sdk\\\\bsp/1670497217562"
# webtalk_transmit -clientid 2380149551 -regid "" -xml C:\\Users\\User\\Desktop\\ingegneria\\5secondoannomagistrale\\1_Advance_embedded_system\\lab_uart\\image_uart_Z7\\image_uart_Z7.sdk\\webtalk\\usage_statistics_ext_sdk.xml -html C:\\Users\\User\\Desktop\\ingegneria\\5secondoannomagistrale\\1_Advance_embedded_system\\lab_uart\\image_uart_Z7\\image_uart_Z7.sdk\\webtalk\\usage_statistics_ext_sdk.html -wdm C:\\Users\\User\\Desktop\\ingegneria\\5secondoannomagistrale\\1_Advance_embedded_system\\lab_uart\\image_uart_Z7\\image_uart_Z7.sdk\\webtalk\\sdk_webtalk.wdm -intro "<H3>SDK Usage Report</H3><BR>"
INFO: [Common 17-186] 'C:\Users\User\Desktop\ingegneria\5secondoannomagistrale\1_Advance_embedded_system\lab_uart\image_uart_Z7\image_uart_Z7.sdk\webtalk\usage_statistics_ext_sdk.xml' has been successfully sent to Xilinx on Thu Dec  8 12:00:23 2022. For additional details about this file, please refer to the WebTalk help file at C:/Users/User/Desktop/SDK/2019.1/doc/webtalk_introduction.html.
# webtalk_terminate
INFO: [Common 17-206] Exiting Webtalk at Thu Dec  8 12:00:23 2022...
